<?xml version="1.0" encoding="UTF-8"?>
<!-- Generated by org.testng.reporters.JUnitXMLReporter -->
<testsuite ignored="1" hostname="JAYAGANESH" failures="0" tests="1" name="ErrorChecking Test" time="3.81" errors="0" timestamp="2024-07-28T17:50:36 IST">
  <testcase classname="SelfLearning.Automation.ErrorValidations" name="loginErrorVerification" time="0.381"/>
  <testcase classname="SelfLearning.Automation.ErrorValidations" name="productErrorVerification" time="0.0">
    <ignored/>
  </testcase> <!-- productErrorVerification -->
</testsuite> <!-- ErrorChecking Test -->
