<?xml version="1.0" encoding="UTF-8"?>
<!-- Generated by org.testng.reporters.JUnitXMLReporter -->
<testsuite ignored="2" hostname="JAYAGANESH" failures="0" tests="0" time="0.012" errors="0" timestamp="2024-07-28T17:50:33 IST">
  <testcase classname="SelfLearning.Automation.FrameWork" name="checkSubmittedOrder" time="0.0">
    <ignored/>
  </testcase> <!-- checkSubmittedOrder -->
  <testcase classname="SelfLearning.Automation.FrameWork" name="testOrderSubmission" time="0.0">
    <ignored/>
  </testcase> <!-- testOrderSubmission -->
</testsuite>
