<?xml version="1.0" encoding="UTF-8"?>
<!-- Generated by org.testng.reporters.JUnitXMLReporter -->
<testsuite ignored="0" hostname="JAYAGANESH" failures="1" tests="2" name="ErrorChecking Test" time="19.274" errors="0" timestamp="2024-07-27T13:30:52 IST">
  <testcase classname="SelfLearning.Automation.ErrorValidations" name="loginErrorVerification" time="0.375">
    <failure type="java.lang.AssertionError" message="expected [Incorrect email r password.] but found [Incorrect email or password.]">
      <![CDATA[java.lang.AssertionError: expected [Incorrect email r password.] but found [Incorrect email or password.]
at SelfLearning.Automation.ErrorValidations.loginErrorVerification(ErrorValidations.java:16)
at java.base/java.util.ArrayList.forEach(ArrayList.java:1596)
at java.base/java.util.concurrent.FutureTask.run(FutureTask.java:317)
at java.base/java.util.concurrent.ThreadPoolExecutor.runWorker(ThreadPoolExecutor.java:1144)
at java.base/java.util.concurrent.ThreadPoolExecutor$Worker.run(ThreadPoolExecutor.java:642)
at java.base/java.lang.Thread.run(Thread.java:1583)
... Removed 21 stack frames]]>
    </failure>
  </testcase> <!-- loginErrorVerification -->
  <testcase classname="SelfLearning.Automation.ErrorValidations" name="productErrorVerification" time="4.114"/>
</testsuite> <!-- ErrorChecking Test -->
