<?xml version="1.0" encoding="UTF-8"?>
<!-- Generated by org.testng.reporters.JUnitXMLReporter -->
<testsuite ignored="0" hostname="JAYAGANESH" failures="0" tests="2" name="ErrorChecking Test" time="9.872" errors="0" timestamp="2024-07-28T10:53:26 IST">
  <testcase classname="SelfLearning.Automation.ErrorValidations" name="loginErrorVerification" time="0.279"/>
  <testcase classname="SelfLearning.Automation.ErrorValidations" name="productErrorVerification" time="3.936"/>
</testsuite> <!-- ErrorChecking Test -->
