<?xml version="1.0" encoding="UTF-8"?>
<!-- Generated by org.testng.reporters.JUnitXMLReporter -->
<testsuite ignored="0" hostname="JAYAGANESH" failures="0" tests="3" name="Order Test" time="23.692" errors="0" timestamp="2024-07-28T10:53:39 IST">
  <testcase classname="SelfLearning.Automation.FrameWork" name="testOrderSubmission" time="7.853"/>
  <testcase classname="SelfLearning.Automation.FrameWork" name="testOrderSubmission" time="7.81"/>
  <testcase classname="SelfLearning.Automation.FrameWork" name="checkSubmittedOrder" time="0.398"/>
</testsuite> <!-- Order Test -->
