<?xml version="1.0" encoding="UTF-8"?>
<!-- Generated by org.testng.reporters.JUnitXMLReporter -->
<testsuite ignored="0" hostname="JAYAGANESH" failures="0" tests="3" name="Order Test" time="34.416" errors="0" timestamp="2024-07-27T15:52:36 IST">
  <testcase classname="SelfLearning.Automation.FrameWork" name="testOrderSubmission" time="8.896"/>
  <testcase classname="SelfLearning.Automation.FrameWork" name="testOrderSubmission" time="8.806"/>
  <testcase classname="SelfLearning.Automation.FrameWork" name="checkSubmittedOrder" time="0.879"/>
</testsuite> <!-- Order Test -->
